2024-09-05 17:46:53,283 DEBUG    root            Loaded Command Group: ['gcloud', 'components']
2024-09-05 17:46:53,286 DEBUG    root            Loaded Command Group: ['gcloud', 'components', 'update']
2024-09-05 17:46:53,289 DEBUG    root            Running [gcloud.components.update] with arguments: [--quiet: "True", COMPONENT-IDS:8: "['gcloud', 'core', 'bq', 'gsutil', 'compute', 'preview', 'alpha', 'beta']"]
2024-09-05 17:46:53,290 INFO     ___FILE_ONLY___ Beginning update. This process may take several minutes.

2024-09-05 17:46:53,300 DEBUG    urllib3.connectionpool Starting new HTTPS connection (1): dl.google.com:443
2024-09-05 17:46:53,361 DEBUG    urllib3.connectionpool https://dl.google.com:443 "GET /dl/cloudsdk/channels/rapid/components-2.json HTTP/1.1" 200 226157
2024-09-05 17:46:53,382 WARNING  root            Component [preview] no longer exists.
2024-09-05 17:46:53,382 WARNING  root            Component [compute] no longer exists.
2024-09-05 17:46:53,383 INFO     ___FILE_ONLY___ 

2024-09-05 17:46:53,384 INFO     ___FILE_ONLY___ 
Your current Google Cloud CLI version is: 491.0.0

2024-09-05 17:46:53,384 INFO     ___FILE_ONLY___ Installing components from version: 491.0.0

2024-09-05 17:46:53,384 INFO     ___FILE_ONLY___ 

2024-09-05 17:46:53,384 DEBUG    root            Chosen display Format:table[box,title="These components will be removed."](details.display_name:label=Name:align=left,version.version_string:label=Version:align=right,data.size.size(zero="",min=1048576):label=Size:align=right)
2024-09-05 17:46:53,385 DEBUG    root            Chosen display Format:table[box,title="These components will be updated."](details.display_name:label=Name:align=left,version.version_string:label=Version:align=right,data.size.size(zero="",min=1048576):label=Size:align=right)
2024-09-05 17:46:53,386 DEBUG    root            Chosen display Format:table[box,title="These components will be installed."](details.display_name:label=Name:align=left,version.version_string:label=Version:align=right,data.size.size(zero="",min=1048576):label=Size:align=right)
2024-09-05 17:46:53,405 INFO     ___FILE_ONLY___ ┌──────────────────────────────────────────────┐
2024-09-05 17:46:53,405 INFO     ___FILE_ONLY___ 

2024-09-05 17:46:53,405 INFO     ___FILE_ONLY___ │     These components will be installed.      │
2024-09-05 17:46:53,405 INFO     ___FILE_ONLY___ 

2024-09-05 17:46:53,405 INFO     ___FILE_ONLY___ ├───────────────────────┬────────────┬─────────┤
2024-09-05 17:46:53,405 INFO     ___FILE_ONLY___ 

2024-09-05 17:46:53,406 INFO     ___FILE_ONLY___ │          Name         │  Version   │   Size  │
2024-09-05 17:46:53,406 INFO     ___FILE_ONLY___ 

2024-09-05 17:46:53,406 INFO     ___FILE_ONLY___ ├───────────────────────┼────────────┼─────────┤
2024-09-05 17:46:53,406 INFO     ___FILE_ONLY___ 

2024-09-05 17:46:53,406 INFO     ___FILE_ONLY___ │ 
2024-09-05 17:46:53,406 INFO     ___FILE_ONLY___ gcloud Alpha Commands
2024-09-05 17:46:53,406 INFO     ___FILE_ONLY___  
2024-09-05 17:46:53,406 INFO     ___FILE_ONLY___ │ 
2024-09-05 17:46:53,406 INFO     ___FILE_ONLY___ 2024.08.30
2024-09-05 17:46:53,406 INFO     ___FILE_ONLY___  
2024-09-05 17:46:53,406 INFO     ___FILE_ONLY___ │ 
2024-09-05 17:46:53,406 INFO     ___FILE_ONLY___ < 1 MiB
2024-09-05 17:46:53,406 INFO     ___FILE_ONLY___  
2024-09-05 17:46:53,407 INFO     ___FILE_ONLY___ │
2024-09-05 17:46:53,407 INFO     ___FILE_ONLY___ 

2024-09-05 17:46:53,407 INFO     ___FILE_ONLY___ │ 
2024-09-05 17:46:53,407 INFO     ___FILE_ONLY___ gcloud Beta Commands 
2024-09-05 17:46:53,407 INFO     ___FILE_ONLY___  
2024-09-05 17:46:53,407 INFO     ___FILE_ONLY___ │ 
2024-09-05 17:46:53,407 INFO     ___FILE_ONLY___ 2024.08.30
2024-09-05 17:46:53,407 INFO     ___FILE_ONLY___  
2024-09-05 17:46:53,407 INFO     ___FILE_ONLY___ │ 
2024-09-05 17:46:53,407 INFO     ___FILE_ONLY___ < 1 MiB
2024-09-05 17:46:53,407 INFO     ___FILE_ONLY___  
2024-09-05 17:46:53,407 INFO     ___FILE_ONLY___ │
2024-09-05 17:46:53,407 INFO     ___FILE_ONLY___ 

2024-09-05 17:46:53,407 INFO     ___FILE_ONLY___ └───────────────────────┴────────────┴─────────┘
2024-09-05 17:46:53,408 INFO     ___FILE_ONLY___ 

2024-09-05 17:46:53,408 INFO     ___FILE_ONLY___ 

2024-09-05 17:46:53,411 DEBUG    urllib3.connectionpool Starting new HTTPS connection (1): dl.google.com:443
2024-09-05 17:46:53,469 DEBUG    urllib3.connectionpool https://dl.google.com:443 "GET /dl/cloudsdk/channels/rapid/RELEASE_NOTES HTTP/1.1" 200 1264865
2024-09-05 17:46:53,549 INFO     ___FILE_ONLY___ For the latest full release notes, please visit:
  https://cloud.google.com/sdk/release_notes


2024-09-05 17:46:53,549 INFO     ___FILE_ONLY___ Performing in place update...


2024-09-05 17:46:53,551 INFO     ___FILE_ONLY___ ╔════════════════════════════════════════════════════════════╗

2024-09-05 17:46:53,552 INFO     ___FILE_ONLY___ ╠═ Downloading: gcloud Alpha Commands                       ═╣

2024-09-05 17:46:53,552 INFO     ___FILE_ONLY___ ╚
2024-09-05 17:46:53,555 DEBUG    urllib3.connectionpool Starting new HTTPS connection (1): dl.google.com:443
2024-09-05 17:46:53,618 DEBUG    urllib3.connectionpool https://dl.google.com:443 "GET /dl/cloudsdk/channels/rapid/components/google-cloud-sdk-alpha-20240830134514.tar.gz HTTP/1.1" 200 800
2024-09-05 17:46:53,618 INFO     ___FILE_ONLY___ ════════════════════════════════════════════════════════════
2024-09-05 17:46:53,619 INFO     ___FILE_ONLY___ ╝

2024-09-05 17:46:53,621 INFO     ___FILE_ONLY___ ╔════════════════════════════════════════════════════════════╗

2024-09-05 17:46:53,621 INFO     ___FILE_ONLY___ ╠═ Downloading: gcloud Beta Commands                        ═╣

2024-09-05 17:46:53,621 INFO     ___FILE_ONLY___ ╚
2024-09-05 17:46:53,625 DEBUG    urllib3.connectionpool Starting new HTTPS connection (1): dl.google.com:443
2024-09-05 17:46:53,689 DEBUG    urllib3.connectionpool https://dl.google.com:443 "GET /dl/cloudsdk/channels/rapid/components/google-cloud-sdk-beta-20240830134514.tar.gz HTTP/1.1" 200 797
2024-09-05 17:46:53,690 INFO     ___FILE_ONLY___ ════════════════════════════════════════════════════════════
2024-09-05 17:46:53,690 INFO     ___FILE_ONLY___ ╝

2024-09-05 17:46:53,692 INFO     ___FILE_ONLY___ ╔════════════════════════════════════════════════════════════╗

2024-09-05 17:46:53,693 INFO     ___FILE_ONLY___ ╠═ Installing: gcloud Alpha Commands                        ═╣

2024-09-05 17:46:53,693 INFO     ___FILE_ONLY___ ╚
2024-09-05 17:46:53,694 INFO     ___FILE_ONLY___ ════════════════════════════════════════════════════════════
2024-09-05 17:46:53,694 INFO     ___FILE_ONLY___ ╝

2024-09-05 17:46:53,704 INFO     ___FILE_ONLY___ ╔════════════════════════════════════════════════════════════╗

2024-09-05 17:46:53,704 INFO     ___FILE_ONLY___ ╠═ Installing: gcloud Beta Commands                         ═╣

2024-09-05 17:46:53,704 INFO     ___FILE_ONLY___ ╚
2024-09-05 17:46:53,705 INFO     ___FILE_ONLY___ ════════════════════════════════════════════════════════════
2024-09-05 17:46:53,705 INFO     ___FILE_ONLY___ ╝

2024-09-05 17:46:53,715 DEBUG    root            Updating notification cache...
2024-09-05 17:46:53,715 INFO     ___FILE_ONLY___ 

2024-09-05 17:46:53,717 INFO     ___FILE_ONLY___ Performing post processing steps...
2024-09-05 17:46:53,718 DEBUG    root            Executing command: ['/tools/google-cloud-sdk/bin/gcloud', 'components', 'post-process']
2024-09-05 17:47:05,134 DEBUG    ___FILE_ONLY___ 
2024-09-05 17:47:05,134 DEBUG    ___FILE_ONLY___ 
2024-09-05 17:47:05,242 INFO     ___FILE_ONLY___ 
Update done!


2024-09-05 17:47:05,245 DEBUG    root            Chosen display Format:none
2024-09-05 17:47:05,246 INFO     root            Display format: "none"
